TN:
SF:apps/fact-server/src/logger.ts
FN:22,format
FN:28,writeToFiles
FN:37,info
FN:43,warn
FN:49,error
FN:55,debug
FN:61,toLogString
FN:73,log
FN:92,requestLogger
FN:107,errorHandler
FNF:10
FNH:10
FNDA:206,format
FNDA:206,writeToFiles
FNDA:138,info
FNDA:47,warn
FNDA:16,error
FNDA:5,debug
FNDA:82,toLogString
FNDA:63,log
FNDA:1,requestLogger
FNDA:2,errorHandler
DA:1,30
DA:2,30
DA:3,30
DA:4,30
DA:5,30
DA:6,30
DA:7,30
DA:8,30
DA:9,0
DA:10,0
DA:11,0
DA:12,0
DA:13,0
DA:14,0
DA:15,30
DA:16,30
DA:17,30
DA:18,30
DA:19,30
DA:20,30
DA:21,30
DA:22,206
DA:23,206
DA:24,206
DA:25,206
DA:26,206
DA:27,30
DA:28,206
DA:29,206
DA:30,206
DA:31,206
DA:32,206
DA:33,0
DA:34,0
DA:35,206
DA:36,30
DA:37,138
DA:38,138
DA:39,138
DA:40,138
DA:41,138
DA:42,30
DA:43,47
DA:44,47
DA:45,47
DA:46,47
DA:47,47
DA:48,30
DA:49,16
DA:50,16
DA:51,16
DA:52,16
DA:53,16
DA:54,30
DA:55,5
DA:56,5
DA:57,5
DA:58,5
DA:59,5
DA:60,30
DA:61,82
DA:62,82
DA:63,64
DA:64,82
DA:65,2
DA:66,2
DA:67,57
DA:68,1
DA:69,1
DA:70,82
DA:71,30
DA:72,30
DA:73,30
DA:74,63
DA:75,4
DA:76,4
DA:77,4
DA:78,1
DA:79,1
DA:80,59
DA:81,59
DA:82,59
DA:83,63
DA:84,63
DA:85,63
DA:86,63
DA:87,51
DA:88,2
DA:89,63
DA:90,30
DA:91,30
DA:92,1
DA:93,1
DA:94,1
DA:95,1
DA:96,1
DA:97,1
DA:98,1
DA:99,1
DA:100,1
DA:101,1
DA:102,1
DA:103,1
DA:104,1
DA:105,30
DA:106,30
DA:107,2
DA:108,2
DA:109,2
DA:110,2
DA:111,2
DA:112,1
DA:113,1
DA:114,2
DA:115,2
DA:116,30
DA:117,30
LF:117
LH:109
BRDA:1,0,0,30
BRDA:8,1,0,0
BRDA:22,2,0,206
BRDA:24,3,0,68
BRDA:24,4,0,138
BRDA:28,5,0,206
BRDA:31,6,0,16
BRDA:32,7,0,0
BRDA:37,8,0,138
BRDA:43,9,0,47
BRDA:49,10,0,16
BRDA:55,11,0,5
BRDA:61,12,0,82
BRDA:62,13,0,81
BRDA:62,14,0,59
BRDA:63,15,0,64
BRDA:63,16,0,23
BRDA:63,17,0,20
BRDA:63,18,0,0
BRDA:64,19,0,57
BRDA:64,20,0,3
BRDA:64,21,0,2
BRDA:64,22,0,57
BRDA:64,23,0,1
BRDA:65,24,0,2
BRDA:67,25,0,1
BRDA:73,26,0,63
BRDA:74,27,0,4
BRDA:75,28,0,1
BRDA:76,29,0,3
BRDA:76,30,0,1
BRDA:77,31,0,2
BRDA:77,32,0,1
BRDA:80,33,0,59
BRDA:83,34,0,23
BRDA:83,35,0,36
BRDA:85,36,0,15
BRDA:86,37,0,44
BRDA:86,38,0,31
BRDA:87,39,0,62
BRDA:87,40,0,51
BRDA:87,41,0,13
BRDA:87,42,0,11
BRDA:88,43,0,2
BRDA:83,44,0,23
BRDA:92,45,0,1
BRDA:94,46,0,1
BRDA:96,47,0,0
BRDA:107,48,0,2
BRDA:108,49,0,1
BRDA:108,50,0,1
BRDA:109,51,0,1
BRDA:109,52,0,1
BRDA:111,53,0,1
BRF:54
BRH:50
end_of_record
TN:
SF:apps/fact-server/src/auth/jwks.ts
FN:53,generateNewKeyPair
FN:80,saveKeysToDisk
FN:142,loadKeysFromDisk
FN:228,collectActiveKids
FN:242,cleanupKeyFiles
FN:269,readAllowedKidsFromDisk
FN:304,initializeJWKS
FN:351,getCurrentPrivateKey
FN:358,getCurrentKeyId
FN:365,getPublicJWKS
FN:417,getKeyById
FN:442,getAllValidKeys
FN:451,rotateKeys
FN:498,scheduleKeyRotation
FN:504,schedule
FN:526,rotateKeysManually
FN:533,cleanupJWKS
FN:544,isJWKSInitialized
FNF:18
FNH:18
FNDA:13,generateNewKeyPair
FNDA:7,saveKeysToDisk
FNDA:28,loadKeysFromDisk
FNDA:28,collectActiveKids
FNDA:56,cleanupKeyFiles
FNDA:28,readAllowedKidsFromDisk
FNDA:29,initializeJWKS
FNDA:36,getCurrentPrivateKey
FNDA:38,getCurrentKeyId
FNDA:8,getPublicJWKS
FNDA:25,getKeyById
FNDA:3,getAllValidKeys
FNDA:1,rotateKeys
FNDA:28,scheduleKeyRotation
FNDA:28,schedule
FNDA:1,rotateKeysManually
FNDA:30,cleanupJWKS
FNDA:3,isJWKSInitialized
DA:1,30
DA:2,30
DA:3,30
DA:4,30
DA:5,30
DA:6,30
DA:7,30
DA:8,30
DA:9,30
DA:10,30
DA:11,30
DA:12,30
DA:13,30
DA:14,30
DA:15,30
DA:16,30
DA:17,30
DA:18,30
DA:19,30
DA:20,30
DA:21,30
DA:22,30
DA:23,30
DA:24,30
DA:25,30
DA:26,30
DA:27,30
DA:28,30
DA:29,30
DA:30,30
DA:31,30
DA:32,30
DA:33,30
DA:34,30
DA:35,30
DA:36,30
DA:37,30
DA:38,30
DA:39,30
DA:40,30
DA:41,30
DA:42,30
DA:43,30
DA:44,30
DA:45,30
DA:46,30
DA:47,30
DA:48,30
DA:49,30
DA:50,30
DA:51,30
DA:52,30
DA:53,13
DA:54,13
DA:55,13
DA:56,13
DA:57,13
DA:58,13
DA:59,13
DA:60,13
DA:61,13
DA:62,13
DA:63,13
DA:64,13
DA:65,13
DA:66,13
DA:67,13
DA:68,13
DA:69,13
DA:70,13
DA:71,13
DA:72,13
DA:73,13
DA:74,13
DA:75,13
DA:76,30
DA:77,30
DA:78,30
DA:79,30
DA:80,7
DA:81,7
DA:82,7
DA:83,1
DA:84,7
DA:85,6
DA:86,6
DA:87,6
DA:88,7
DA:89,7
DA:90,7
DA:91,7
DA:92,7
DA:93,7
DA:94,7
DA:95,7
DA:96,7
DA:97,7
DA:98,7
DA:99,7
DA:100,7
DA:101,7
DA:102,7
DA:103,7
DA:104,1
DA:105,1
DA:106,1
DA:107,1
DA:108,1
DA:109,1
DA:110,6
DA:111,6
DA:112,6
DA:113,6
DA:114,6
DA:115,6
DA:116,6
DA:117,6
DA:118,6
DA:119,6
DA:120,6
DA:121,6
DA:122,6
DA:123,6
DA:124,6
DA:125,6
DA:126,7
DA:127,7
DA:128,7
DA:129,7
DA:130,7
DA:131,7
DA:132,1
DA:133,1
DA:134,1
DA:135,1
DA:136,1
DA:137,7
DA:138,30
DA:139,30
DA:140,30
DA:141,30
DA:142,28
DA:143,28
DA:144,28
DA:145,28
DA:146,4
DA:147,4
DA:148,24
DA:149,24
DA:150,24
DA:151,24
DA:152,4
DA:153,4
DA:154,4
DA:155,24
DA:156,24
DA:157,24
DA:158,24
DA:159,4
DA:160,4
DA:161,4
DA:162,24
DA:163,24
DA:164,24
DA:165,24
DA:166,24
DA:167,24
DA:168,24
DA:169,24
DA:170,24
DA:171,24
DA:172,1
DA:173,1
DA:174,1
DA:175,22
DA:176,22
DA:177,22
DA:178,22
DA:179,22
DA:180,22
DA:181,22
DA:182,22
DA:183,22
DA:184,22
DA:185,1
DA:186,1
DA:187,1
DA:188,1
DA:189,1
DA:190,1
DA:191,1
DA:192,1
DA:193,1
DA:194,1
DA:195,1
DA:196,22
DA:197,22
DA:198,22
DA:199,21
DA:200,21
DA:201,21
DA:202,21
DA:203,21
DA:204,21
DA:205,21
DA:206,21
DA:207,21
DA:208,21
DA:209,22
DA:210,22
DA:211,28
DA:212,28
DA:213,28
DA:214,28
DA:215,28
DA:216,28
DA:217,28
DA:218,28
DA:219,1
DA:220,1
DA:221,1
DA:222,1
DA:223,1
DA:224,1
DA:225,1
DA:226,28
DA:227,30
DA:228,28
DA:229,28
DA:230,28
DA:231,2
DA:232,2
DA:233,28
DA:234,28
DA:235,28
DA:236,28
DA:237,27
DA:238,27
DA:239,28
DA:240,28
DA:241,30
DA:242,56
DA:243,56
DA:244,56
DA:245,1
DA:246,1
DA:247,55
DA:248,55
DA:249,55
DA:250,154
DA:251,52
DA:252,52
DA:253,102
DA:254,104
DA:255,101
DA:256,101
DA:257,1
DA:258,1
DA:259,1
DA:260,1
DA:261,1
DA:262,56
DA:263,1
DA:264,1
DA:265,1
DA:266,1
DA:267,56
DA:268,30
DA:269,28
DA:270,28
DA:271,28
DA:272,28
DA:273,4
DA:274,4
DA:275,24
DA:276,24
DA:277,24
DA:278,24
DA:279,24
DA:280,24
DA:281,24
DA:282,24
DA:283,28
DA:284,1
DA:285,1
DA:286,28
DA:287,23
DA:288,23
DA:289,28
DA:290,21
DA:291,21
DA:292,28
DA:293,1
DA:294,1
DA:295,1
DA:296,1
DA:297,24
DA:298,24
DA:299,28
DA:300,30
DA:301,30
DA:302,30
DA:303,30
DA:304,30
DA:305,29
DA:306,29
DA:307,1
DA:308,1
DA:309,1
DA:310,28
DA:311,28
DA:312,28
DA:313,28
DA:314,29
DA:315,22
DA:316,22
DA:317,22
DA:318,22
DA:319,6
DA:320,6
DA:321,6
DA:322,6
DA:323,6
DA:324,6
DA:325,6
DA:326,6
DA:327,6
DA:328,6
DA:329,6
DA:330,6
DA:331,6
DA:332,6
DA:333,6
DA:334,6
DA:335,6
DA:336,6
DA:337,6
DA:338,6
DA:339,6
DA:340,6
DA:341,6
DA:342,6
DA:343,6
DA:344,6
DA:345,6
DA:346,29
DA:347,30
DA:348,30
DA:349,30
DA:350,30
DA:351,30
DA:352,36
DA:353,36
DA:354,30
DA:355,30
DA:356,30
DA:357,30
DA:358,30
DA:359,38
DA:360,38
DA:361,30
DA:362,30
DA:363,30
DA:364,30
DA:365,30
DA:366,8
DA:367,8
DA:368,8
DA:369,8
DA:370,8
DA:371,8
DA:372,17
DA:373,17
DA:374,17
DA:375,17
DA:376,17
DA:377,17
DA:378,17
DA:379,0
DA:380,0
DA:381,0
DA:382,0
DA:383,0
DA:384,0
DA:385,17
DA:386,17
DA:387,1
DA:388,1
DA:389,1
DA:390,1
DA:391,1
DA:392,16
DA:393,16
DA:394,16
DA:395,16
DA:396,16
DA:397,16
DA:398,16
DA:399,16
DA:400,16
DA:401,16
DA:402,16
DA:403,16
DA:404,17
DA:405,2
DA:406,2
DA:407,16
DA:408,16
DA:409,16
DA:410,8
DA:411,8
DA:412,8
DA:413,30
DA:414,30
DA:415,30
DA:416,30
DA:417,30
DA:418,25
DA:419,25
DA:420,25
DA:421,25
DA:422,25
DA:423,25
DA:424,3
DA:425,3
DA:426,3
DA:427,22
DA:428,22
DA:429,22
DA:430,25
DA:431,1
DA:432,1
DA:433,1
DA:434,1
DA:435,1
DA:436,1
DA:437,25
DA:438,30
DA:439,30
DA:440,30
DA:441,30
DA:442,30
DA:443,3
DA:444,3
DA:445,3
DA:446,3
DA:447,30
DA:448,30
DA:449,30
DA:450,30
DA:451,1
DA:452,1
DA:453,1
DA:454,1
DA:455,1
DA:456,1
DA:457,1
DA:458,1
DA:459,1
DA:460,1
DA:461,1
DA:462,1
DA:463,1
DA:464,1
DA:465,1
DA:466,1
DA:467,1
DA:468,1
DA:469,1
DA:470,1
DA:471,1
DA:472,1
DA:473,1
DA:474,1
DA:475,1
DA:476,1
DA:477,1
DA:478,1
DA:479,1
DA:480,1
DA:481,1
DA:482,1
DA:483,1
DA:484,1
DA:485,1
DA:486,1
DA:487,1
DA:488,1
DA:489,1
DA:490,1
DA:491,1
DA:492,1
DA:493,1
DA:494,30
DA:495,30
DA:496,30
DA:497,30
DA:498,28
DA:499,28
DA:500,0
DA:501,0
DA:502,0
DA:503,28
DA:504,28
DA:505,28
DA:506,2
DA:507,0
DA:508,0
DA:509,2
DA:510,2
DA:511,2
DA:512,26
DA:513,26
DA:514,0
DA:515,26
DA:516,28
DA:517,28
DA:518,28
DA:519,28
DA:520,28
DA:521,28
DA:522,30
DA:523,30
DA:524,30
DA:525,30
DA:526,30
DA:527,1
DA:528,1
DA:529,30
DA:530,30
DA:531,30
DA:532,30
DA:533,30
DA:534,30
DA:535,28
DA:536,28
DA:537,28
DA:538,28
DA:539,30
DA:540,30
DA:541,30
DA:542,30
DA:543,30
DA:544,30
DA:545,3
DA:546,3
LF:546
LH:534
BRDA:1,0,0,30
BRDA:37,1,0,2
BRDA:38,2,0,28
BRDA:53,3,0,13
BRDA:70,4,0,0
BRDA:72,5,0,0
BRDA:80,6,0,7
BRDA:82,7,0,1
BRDA:84,8,0,6
BRDA:90,9,0,1
BRDA:90,10,0,6
BRDA:92,11,0,0
BRDA:103,12,0,6
BRDA:103,13,0,1
BRDA:126,14,0,1
BRDA:128,15,0,6
BRDA:131,16,0,1
BRDA:133,17,0,0
BRDA:134,18,0,0
BRDA:142,19,0,28
BRDA:145,20,0,4
BRDA:148,21,0,24
BRDA:151,22,0,4
BRDA:158,23,0,4
BRDA:171,24,0,23
BRDA:171,25,0,1
BRDA:175,26,0,22
BRDA:184,27,0,1
BRDA:198,28,0,21
BRDA:211,29,0,1
BRDA:213,30,0,21
BRDA:218,31,0,1
BRDA:221,32,0,0
BRDA:222,33,0,0
BRDA:228,34,0,28
BRDA:230,35,0,2
BRDA:230,36,0,2
BRDA:236,37,0,27
BRDA:236,38,0,27
BRDA:242,39,0,56
BRDA:244,40,0,55
BRDA:244,41,0,1
BRDA:249,42,0,154
BRDA:250,43,0,150
BRDA:250,44,0,52
BRDA:253,45,0,104
BRDA:253,46,0,102
BRDA:254,47,0,101
BRDA:257,48,0,1
BRDA:262,49,0,54
BRDA:262,50,0,1
BRDA:264,51,0,0
BRDA:269,52,0,28
BRDA:272,53,0,4
BRDA:275,54,0,24
BRDA:283,55,0,1
BRDA:283,56,0,23
BRDA:283,57,0,1
BRDA:286,58,0,23
BRDA:289,59,0,21
BRDA:289,60,0,21
BRDA:292,61,0,24
BRDA:292,62,0,1
BRDA:294,63,0,0
BRDA:304,64,0,29
BRDA:306,65,0,28
BRDA:306,66,0,1
BRDA:314,67,0,22
BRDA:319,68,0,6
BRDA:351,69,0,36
BRDA:358,70,0,38
BRDA:365,71,0,8
BRDA:371,72,0,17
BRDA:372,73,0,0
BRDA:378,74,0,0
BRDA:386,75,0,16
BRDA:386,76,0,1
BRDA:392,77,0,16
BRDA:404,78,0,2
BRDA:404,79,0,16
BRDA:404,80,0,2
BRDA:417,81,0,25
BRDA:419,82,0,20
BRDA:419,83,0,5
BRDA:419,84,0,5
BRDA:420,85,0,3
BRDA:420,86,0,1
BRDA:420,87,0,4
BRDA:420,88,0,4
BRDA:421,89,0,1
BRDA:421,90,0,3
BRDA:423,91,0,3
BRDA:427,92,0,22
BRDA:430,93,0,1
BRDA:433,94,0,0
BRDA:442,95,0,3
BRDA:443,96,0,0
BRDA:443,97,0,2
BRDA:451,98,0,1
BRDA:498,99,0,28
BRDA:499,100,0,0
BRDA:504,101,0,28
BRDA:505,102,0,2
BRDA:512,103,0,26
BRDA:526,104,0,1
BRDA:533,105,0,30
BRDA:534,106,0,28
BRDA:544,107,0,3
BRF:108
BRH:94
end_of_record
TN:
SF:apps/fact-server/src/auth/jwt.ts
FN:38,deriveKey
FN:42,encryptToken
FN:60,decryptToken
FN:94,revokeToken
FN:126,isTokenRevoked
FN:151,revokeAllUserTokens
FN:182,cleanupExpiredBlacklistedTokens
FN:208,generateJWT
FN:270,verifyJWT
FN:380,refreshAccessToken
FN:453,generateState
FN:462,validateState
FN:501,generateOAuthStateJWT
FN:524,verifyOAuthStateJWT
FN:574,initializePassportJWTStrategy
FN:630,initializePassportSerialization
FNF:16
FNH:16
FNDA:9,deriveKey
FNDA:3,encryptToken
FNDA:6,decryptToken
FNDA:5,revokeToken
FNDA:5,isTokenRevoked
FNDA:4,revokeAllUserTokens
FNDA:3,cleanupExpiredBlacklistedTokens
FNDA:23,generateJWT
FNDA:16,verifyJWT
FNDA:9,refreshAccessToken
FNDA:4,generateState
FNDA:6,validateState
FNDA:1,generateOAuthStateJWT
FNDA:9,verifyOAuthStateJWT
FNDA:3,initializePassportJWTStrategy
FNDA:1,initializePassportSerialization
DA:1,24
DA:2,24
DA:3,24
DA:4,24
DA:5,24
DA:6,24
DA:7,24
DA:8,24
DA:9,24
DA:10,24
DA:11,24
DA:12,24
DA:13,24
DA:14,24
DA:15,24
DA:16,24
DA:17,24
DA:18,24
DA:19,24
DA:20,24
DA:21,24
DA:22,24
DA:23,24
DA:24,2
DA:25,1
DA:26,1
DA:27,1
DA:28,1
DA:29,1
DA:30,1
DA:31,1
DA:32,1
DA:33,1
DA:34,23
DA:35,24
DA:36,24
DA:37,24
DA:38,9
DA:39,9
DA:40,9
DA:41,24
DA:42,24
DA:43,3
DA:44,3
DA:45,3
DA:46,3
DA:47,3
DA:48,3
DA:49,3
DA:50,3
DA:51,3
DA:52,3
DA:53,3
DA:54,3
DA:55,0
DA:56,0
DA:57,0
DA:58,3
DA:59,24
DA:60,24
DA:61,6
DA:62,6
DA:63,6
DA:64,6
DA:65,5
DA:66,5
DA:67,5
DA:68,5
DA:69,5
DA:70,5
DA:71,5
DA:72,5
DA:73,5
DA:74,5
DA:75,5
DA:76,5
DA:77,6
DA:78,2
DA:79,2
DA:80,2
DA:81,6
DA:82,24
DA:83,24
DA:84,24
DA:85,24
DA:86,24
DA:87,24
DA:88,24
DA:89,24
DA:90,24
DA:91,24
DA:92,24
DA:93,24
DA:94,24
DA:95,5
DA:96,5
DA:97,5
DA:98,5
DA:99,5
DA:100,5
DA:101,5
DA:102,5
DA:103,5
DA:104,5
DA:105,5
DA:106,5
DA:107,5
DA:108,5
DA:109,5
DA:110,5
DA:111,5
DA:112,5
DA:113,5
DA:114,5
DA:115,3
DA:116,5
DA:117,5
DA:118,2
DA:119,2
DA:120,2
DA:121,5
DA:122,24
DA:123,24
DA:124,24
DA:125,24
DA:126,24
DA:127,5
DA:128,5
DA:129,5
DA:130,5
DA:131,5
DA:132,5
DA:133,5
DA:134,3
DA:135,4
DA:136,2
DA:137,2
DA:138,2
DA:139,1
DA:140,1
DA:141,3
DA:142,2
DA:143,2
DA:144,2
DA:145,2
DA:146,5
DA:147,24
DA:148,24
DA:149,24
DA:150,24
DA:151,24
DA:152,4
DA:153,4
DA:154,4
DA:155,4
DA:156,4
DA:157,4
DA:158,4
DA:159,4
DA:160,4
DA:161,3
DA:162,3
DA:163,1
DA:164,1
DA:165,1
DA:166,2
DA:167,2
DA:168,2
DA:169,2
DA:170,4
DA:171,4
DA:172,4
DA:173,1
DA:174,1
DA:175,1
DA:176,4
DA:177,24
DA:178,24
DA:179,24
DA:180,24
DA:181,24
DA:182,24
DA:183,3
DA:184,3
DA:185,3
DA:186,3
DA:187,3
DA:188,3
DA:189,3
DA:190,3
DA:191,2
DA:192,3
DA:193,3
DA:194,0
DA:195,0
DA:196,2
DA:197,2
DA:198,2
DA:199,1
DA:200,1
DA:201,1
DA:202,3
DA:203,24
DA:204,24
DA:205,24
DA:206,24
DA:207,24
DA:208,24
DA:209,23
DA:210,23
DA:211,23
DA:212,23
DA:213,23
DA:214,23
DA:215,23
DA:216,23
DA:217,23
DA:218,23
DA:219,23
DA:220,23
DA:221,23
DA:222,23
DA:223,23
DA:224,23
DA:225,23
DA:226,23
DA:227,23
DA:228,3
DA:229,23
DA:230,23
DA:231,23
DA:232,21
DA:233,21
DA:234,23
DA:235,23
DA:236,23
DA:237,21
DA:238,21
DA:239,21
DA:240,21
DA:241,21
DA:242,21
DA:243,2
DA:244,2
DA:245,21
DA:246,21
DA:247,21
DA:248,1
DA:249,1
DA:250,21
DA:251,1
DA:252,1
DA:253,21
DA:254,23
DA:255,23
DA:256,23
DA:257,23
DA:258,23
DA:259,23
DA:260,23
DA:261,23
DA:262,23
DA:263,23
DA:264,23
DA:265,24
DA:266,24
DA:267,24
DA:268,24
DA:269,24
DA:270,24
DA:271,16
DA:272,16
DA:273,16
DA:274,16
DA:275,1
DA:276,1
DA:277,1
DA:278,15
DA:279,15
DA:280,16
DA:281,1
DA:282,1
DA:283,1
DA:284,16
DA:285,2
DA:286,2
DA:287,2
DA:288,12
DA:289,12
DA:290,12
DA:291,16
DA:292,1
DA:293,1
DA:294,1
DA:295,11
DA:296,11
DA:297,11
DA:298,16
DA:299,16
DA:300,6
DA:301,6
DA:302,6
DA:303,6
DA:304,6
DA:305,16
DA:306,2
DA:307,2
DA:308,2
DA:309,2
DA:310,2
DA:311,2
DA:312,2
DA:313,2
DA:314,2
DA:315,2
DA:316,16
DA:317,4
DA:318,4
DA:319,4
DA:320,4
DA:321,4
DA:322,4
DA:323,4
DA:324,4
DA:325,4
DA:326,4
DA:327,4
DA:328,4
DA:329,4
DA:330,4
DA:331,4
DA:332,4
DA:333,2
DA:334,4
DA:335,4
DA:336,4
DA:337,4
DA:338,4
DA:339,4
DA:340,4
DA:341,16
DA:342,16
DA:343,16
DA:344,16
DA:345,3
DA:346,3
DA:347,3
DA:348,3
DA:349,3
DA:350,3
DA:351,1
DA:352,1
DA:353,3
DA:354,6
DA:355,6
DA:356,16
DA:357,4
DA:358,1
DA:359,1
DA:360,4
DA:361,1
DA:362,1
DA:363,4
DA:364,6
DA:365,6
DA:366,7
DA:367,4
DA:368,4
DA:369,4
DA:370,16
DA:371,24
DA:372,24
DA:373,24
DA:374,24
DA:375,24
DA:376,24
DA:377,24
DA:378,24
DA:379,24
DA:380,24
DA:381,9
DA:382,1
DA:383,1
DA:384,1
DA:385,8
DA:386,9
DA:387,1
DA:388,1
DA:389,7
DA:390,9
DA:391,6
DA:392,6
DA:393,6
DA:394,6
DA:395,6
DA:396,9
DA:397,9
DA:398,9
DA:399,9
DA:400,9
DA:401,9
DA:402,9
DA:403,9
DA:404,9
DA:405,9
DA:406,9
DA:407,6
DA:408,9
DA:409,3
DA:410,3
DA:411,3
DA:412,3
DA:413,2
DA:414,2
DA:415,2
DA:416,2
DA:417,2
DA:418,1
DA:419,1
DA:420,1
DA:421,3
DA:422,3
DA:423,9
DA:424,9
DA:425,9
DA:426,9
DA:427,9
DA:428,9
DA:429,2
DA:430,2
DA:431,2
DA:432,2
DA:433,2
DA:434,2
DA:435,9
DA:436,9
DA:437,9
DA:438,9
DA:439,4
DA:440,4
DA:441,4
DA:442,9
DA:443,24
DA:444,24
DA:445,24
DA:446,24
DA:447,24
DA:448,24
DA:449,24
DA:450,24
DA:451,24
DA:452,24
DA:453,24
DA:454,4
DA:455,4
DA:456,4
DA:457,4
DA:458,24
DA:459,24
DA:460,24
DA:461,24
DA:462,24
DA:463,6
DA:464,6
DA:465,6
DA:466,2
DA:467,2
DA:468,2
DA:469,4
DA:470,4
DA:471,6
DA:472,1
DA:473,1
DA:474,1
DA:475,1
DA:476,3
DA:477,3
DA:478,1
DA:479,1
DA:480,1
DA:481,2
DA:482,2
DA:483,2
DA:484,2
DA:485,2
DA:486,2
DA:487,3
DA:488,3
DA:489,1
DA:490,1
DA:491,3
DA:492,2
DA:493,2
DA:494,2
DA:495,6
DA:496,24
DA:497,24
DA:498,24
DA:499,24
DA:500,24
DA:501,24
DA:502,1
DA:503,1
DA:504,1
DA:505,1
DA:506,1
DA:507,1
DA:508,1
DA:509,1
DA:510,1
DA:511,1
DA:512,1
DA:513,1
DA:514,1
DA:515,1
DA:516,1
DA:517,1
DA:518,1
DA:519,24
DA:520,24
DA:521,24
DA:522,24
DA:523,24
DA:524,24
DA:525,9
DA:526,9
DA:527,9
DA:528,9
DA:529,1
DA:530,1
DA:531,1
DA:532,8
DA:533,8
DA:534,9
DA:535,1
DA:536,1
DA:537,1
DA:538,9
DA:539,2
DA:540,2
DA:541,2
DA:542,5
DA:543,5
DA:544,5
DA:545,9
DA:546,1
DA:547,1
DA:548,1
DA:549,4
DA:550,4
DA:551,4
DA:552,4
DA:553,4
DA:554,9
DA:555,1
DA:556,1
DA:557,1
DA:558,1
DA:559,1
DA:560,2
DA:561,2
DA:562,1
DA:563,1
DA:564,1
DA:565,1
DA:566,2
DA:567,2
DA:568,9
DA:569,24
DA:570,24
DA:571,24
DA:572,24
DA:573,24
DA:574,24
DA:575,3
DA:576,3
DA:577,3
DA:578,3
DA:579,1
DA:580,1
DA:581,2
DA:582,2
DA:583,2
DA:584,2
DA:585,2
DA:586,2
DA:587,2
DA:588,2
DA:589,2
DA:590,2
DA:591,5
DA:592,5
DA:593,5
DA:594,5
DA:595,2
DA:596,2
DA:597,2
DA:598,2
DA:599,2
DA:600,2
DA:601,2
DA:602,2
DA:603,2
DA:604,2
DA:605,5
DA:606,3
DA:607,3
DA:608,3
DA:609,3
DA:610,3
DA:611,3
DA:612,3
DA:613,3
DA:614,3
DA:615,5
DA:616,5
DA:617,5
DA:618,1
DA:619,1
DA:620,1
DA:621,2
DA:622,2
DA:623,2
DA:624,2
DA:625,3
DA:626,1
DA:627,1
DA:628,3
DA:629,24
DA:630,24
DA:631,1
DA:632,1
DA:633,1
DA:634,1
LF:634
LH:629
BRDA:1,0,0,24
BRDA:23,1,0,2
BRDA:24,2,0,1
BRDA:34,3,0,23
BRDA:35,4,0,1
BRDA:84,5,0,23
BRDA:376,6,0,23
BRDA:377,7,0,23
BRDA:378,8,0,23
BRDA:38,9,0,9
BRDA:42,10,0,3
BRDA:54,11,0,0
BRDA:60,12,0,6
BRDA:64,13,0,1
BRDA:65,14,0,5
BRDA:77,15,0,2
BRDA:94,16,0,5
BRDA:112,17,0,3
BRDA:115,18,0,4
BRDA:115,19,0,3
BRDA:116,20,0,1
BRDA:117,21,0,2
BRDA:126,22,0,5
BRDA:134,23,0,4
BRDA:134,24,0,3
BRDA:135,25,0,2
BRDA:139,26,0,3
BRDA:139,27,0,1
BRDA:141,28,0,2
BRDA:151,29,0,4
BRDA:161,30,0,3
BRDA:162,31,0,1
BRDA:166,32,0,2
BRDA:170,33,0,1
BRDA:172,34,0,1
BRDA:182,35,0,3
BRDA:191,36,0,2
BRDA:192,37,0,2
BRDA:193,38,0,0
BRDA:196,39,0,2
BRDA:198,40,0,1
BRDA:208,41,0,23
BRDA:218,42,0,18
BRDA:219,43,0,1
BRDA:220,44,0,1
BRDA:221,45,0,1
BRDA:225,46,0,21
BRDA:226,47,0,20
BRDA:227,48,0,3
BRDA:227,49,0,1
BRDA:228,50,0,1
BRDA:229,51,0,2
BRDA:231,52,0,21
BRDA:236,53,0,21
BRDA:238,54,0,20
BRDA:239,55,0,20
BRDA:242,56,0,2
BRDA:247,57,0,1
BRDA:250,58,0,1
BRDA:270,59,0,16
BRDA:274,60,0,15
BRDA:274,61,0,1
BRDA:278,62,0,15
BRDA:280,63,0,1
BRDA:284,64,0,14
BRDA:284,65,0,2
BRDA:285,66,0,0
BRDA:288,67,0,12
BRDA:291,68,0,1
BRDA:295,69,0,11
BRDA:298,70,0,7
BRDA:298,71,0,6
BRDA:298,72,0,1
BRDA:299,73,0,1
BRDA:300,74,0,6
BRDA:305,75,0,2
BRDA:308,76,0,1
BRDA:308,77,0,1
BRDA:316,78,0,4
BRDA:319,79,0,2
BRDA:319,80,0,2
BRDA:322,81,0,3
BRDA:326,82,0,2
BRDA:326,83,0,2
BRDA:328,84,0,3
BRDA:328,85,0,1
BRDA:331,86,0,2
BRDA:332,87,0,2
BRDA:333,88,0,1
BRDA:334,89,0,1
BRDA:336,90,0,1
BRDA:337,91,0,3
BRDA:339,92,0,1
BRDA:340,93,0,3
BRDA:344,94,0,4
BRDA:344,95,0,3
BRDA:344,96,0,3
BRDA:349,97,0,1
BRDA:350,98,0,1
BRDA:354,99,0,6
BRDA:356,100,0,4
BRDA:357,101,0,1
BRDA:360,102,0,1
BRDA:364,103,0,7
BRDA:364,104,0,6
BRDA:366,105,0,4
BRDA:336,106,0,1
BRDA:339,107,0,1
BRDA:380,108,0,9
BRDA:381,109,0,1
BRDA:385,110,0,8
BRDA:386,111,0,1
BRDA:389,112,0,7
BRDA:390,113,0,1
BRDA:391,114,0,6
BRDA:396,115,0,0
BRDA:407,116,0,6
BRDA:408,117,0,3
BRDA:412,118,0,2
BRDA:414,119,0,1
BRDA:414,120,0,1
BRDA:418,121,0,1
BRDA:423,122,0,1
BRDA:424,123,0,2
BRDA:424,124,0,1
BRDA:425,125,0,1
BRDA:425,126,0,2
BRDA:426,127,0,1
BRDA:426,128,0,2
BRDA:428,129,0,3
BRDA:428,130,0,1
BRDA:429,131,0,2
BRDA:435,132,0,1
BRDA:435,133,0,1
BRDA:438,134,0,4
BRDA:453,135,0,4
BRDA:462,136,0,6
BRDA:465,137,0,5
BRDA:465,138,0,2
BRDA:469,139,0,4
BRDA:471,140,0,1
BRDA:476,141,0,3
BRDA:477,142,0,1
BRDA:481,143,0,2
BRDA:488,144,0,1
BRDA:492,145,0,2
BRDA:501,146,0,1
BRDA:524,147,0,9
BRDA:528,148,0,8
BRDA:528,149,0,1
BRDA:532,150,0,8
BRDA:534,151,0,1
BRDA:538,152,0,7
BRDA:538,153,0,2
BRDA:539,154,0,0
BRDA:542,155,0,5
BRDA:545,156,0,1
BRDA:549,157,0,4
BRDA:554,158,0,2
BRDA:554,159,0,1
BRDA:561,160,0,1
BRDA:564,161,0,0
BRDA:574,162,0,3
BRDA:578,163,0,1
BRDA:581,164,0,2
BRDA:625,165,0,1
BRDA:590,166,0,5
BRDA:594,167,0,2
BRDA:597,168,0,1
BRDA:597,169,0,1
BRDA:605,170,0,3
BRDA:608,171,0,1
BRDA:608,172,0,1
BRDA:609,173,0,2
BRDA:610,174,0,2
BRDA:611,175,0,2
BRDA:617,176,0,1
BRDA:630,177,0,1
BRF:178
BRH:172
end_of_record
TN:
SF:apps/fact-server/src/db/schema.ts
FNF:0
FNH:0
DA:1,24
DA:2,24
DA:3,24
DA:4,24
DA:5,24
DA:6,24
DA:7,24
DA:8,24
DA:9,24
LF:9
LH:9
BRDA:1,0,0,24
BRF:1
BRH:1
end_of_record
TN:
SF:apps/fact-server/src/federation/resolver.ts
FN:23,isDevMode
FN:27,isLocalhostHost
FN:32,assertHttpsOrLocalhostHttpUrl
FN:55,resolveOpenIdProviderViaTrustAnchor
FN:136,resolveOpenIdProviderDirect
FN:191,resolveFederatedOpenIdProvider
FN:237,decodeJwtWithoutVerifying
FNF:7
FNH:7
FNDA:35,isDevMode
FNDA:29,isLocalhostHost
FNDA:31,assertHttpsOrLocalhostHttpUrl
FNDA:8,resolveOpenIdProviderViaTrustAnchor
FNDA:8,resolveOpenIdProviderDirect
FNDA:4,resolveFederatedOpenIdProvider
FNDA:4,decodeJwtWithoutVerifying
DA:1,1
DA:2,1
DA:3,1
DA:4,1
DA:5,1
DA:6,1
DA:7,1
DA:8,1
DA:9,1
DA:10,1
DA:11,1
DA:12,1
DA:13,1
DA:14,1
DA:15,1
DA:16,1
DA:17,1
DA:18,1
DA:19,1
DA:20,1
DA:21,1
DA:22,1
DA:23,35
DA:24,35
DA:25,35
DA:26,1
DA:27,29
DA:28,29
DA:29,29
DA:30,29
DA:31,1
DA:32,31
DA:33,31
DA:34,31
DA:35,31
DA:36,31
DA:37,1
DA:38,1
DA:39,30
DA:40,31
DA:41,10
DA:42,10
DA:43,20
DA:44,31
DA:45,19
DA:46,19
DA:47,1
DA:48,31
DA:49,31
DA:50,1
DA:51,1
DA:52,1
DA:53,1
DA:54,1
DA:55,1
DA:56,8
DA:57,8
DA:58,8
DA:59,8
DA:60,1
DA:61,1
DA:62,7
DA:63,7
DA:64,7
DA:65,7
DA:66,7
DA:67,8
DA:68,8
DA:69,8
DA:70,8
DA:71,8
DA:72,8
DA:73,8
DA:74,8
DA:75,8
DA:76,8
DA:77,8
DA:78,8
DA:79,8
DA:80,8
DA:81,8
DA:82,8
DA:83,8
DA:84,8
DA:85,8
DA:86,2
DA:87,2
DA:88,4
DA:89,4
DA:90,8
DA:91,8
DA:92,8
DA:93,8
DA:94,1
DA:95,1
DA:96,1
DA:97,1
DA:98,1
DA:99,0
DA:100,0
DA:101,0
DA:102,0
DA:103,0
DA:104,8
DA:105,3
DA:106,3
DA:107,3
DA:108,3
DA:109,3
DA:110,3
DA:111,8
DA:112,8
DA:113,8
DA:114,1
DA:115,1
DA:116,2
DA:117,2
DA:118,2
DA:119,2
DA:120,2
DA:121,2
DA:122,2
DA:123,2
DA:124,2
DA:125,2
DA:126,8
DA:127,4
DA:128,4
DA:129,4
DA:130,8
DA:131,1
DA:132,1
DA:133,1
DA:134,1
DA:135,1
DA:136,1
DA:137,8
DA:138,8
DA:139,8
DA:140,8
DA:141,8
DA:142,8
DA:143,8
DA:144,8
DA:145,8
DA:146,8
DA:147,8
DA:148,8
DA:149,8
DA:150,8
DA:151,8
DA:152,8
DA:153,1
DA:154,1
DA:155,5
DA:156,5
DA:157,5
DA:158,8
DA:159,1
DA:160,1
DA:161,1
DA:162,1
DA:163,4
DA:164,4
DA:165,4
DA:166,4
DA:167,4
DA:168,8
DA:169,8
DA:170,1
DA:171,1
DA:172,1
DA:173,1
DA:174,1
DA:175,1
DA:176,1
DA:177,1
DA:178,1
DA:179,1
DA:180,1
DA:181,1
DA:182,8
DA:183,7
DA:184,7
DA:185,7
DA:186,8
DA:187,1
DA:188,1
DA:189,1
DA:190,1
DA:191,1
DA:192,4
DA:193,4
DA:194,4
DA:195,4
DA:196,1
DA:197,1
DA:198,1
DA:199,1
DA:200,1
DA:201,1
DA:202,3
DA:203,3
DA:204,3
DA:205,3
DA:206,4
DA:207,2
DA:208,2
DA:209,2
DA:210,2
DA:211,2
DA:212,2
DA:213,2
DA:214,1
DA:215,1
DA:216,1
DA:217,1
DA:218,1
DA:219,1
DA:220,1
DA:221,1
DA:222,1
DA:223,1
DA:224,1
DA:225,1
DA:226,1
DA:227,1
DA:228,0
DA:229,0
DA:230,0
DA:231,4
DA:232,1
DA:233,1
DA:234,1
DA:235,1
DA:236,1
DA:237,4
DA:238,4
DA:239,4
DA:240,4
DA:241,1
DA:242,1
DA:243,3
DA:244,3
DA:245,3
DA:246,3
DA:247,4
DA:248,2
DA:249,2
DA:250,4
LF:250
LH:242
BRDA:1,0,0,1
BRDA:23,1,0,35
BRDA:27,2,0,29
BRDA:29,3,0,3
BRDA:29,4,0,3
BRDA:32,5,0,31
BRDA:36,6,0,1
BRDA:39,7,0,30
BRDA:40,8,0,10
BRDA:43,9,0,20
BRDA:44,10,0,19
BRDA:44,11,0,19
BRDA:44,12,0,19
BRDA:47,13,0,1
BRDA:48,14,0,0
BRDA:48,15,0,1
BRDA:55,16,0,8
BRDA:56,17,0,3
BRDA:57,18,0,1
BRDA:59,19,0,1
BRDA:62,20,0,7
BRDA:67,21,0,5
BRDA:68,22,0,4
BRDA:85,23,0,6
BRDA:85,24,0,2
BRDA:88,25,0,4
BRDA:90,26,0,1
BRDA:93,27,0,3
BRDA:93,28,0,1
BRDA:99,29,0,0
BRDA:104,30,0,3
BRDA:111,31,0,2
BRDA:111,32,0,1
BRDA:111,33,0,0
BRDA:113,34,0,3
BRDA:113,35,0,3
BRDA:113,36,0,2
BRDA:113,37,0,1
BRDA:116,38,0,2
BRDA:126,39,0,4
BRDA:136,40,0,8
BRDA:152,41,0,6
BRDA:152,42,0,1
BRDA:155,43,0,5
BRDA:158,44,0,1
BRDA:163,45,0,4
BRDA:168,46,0,2
BRDA:169,47,0,2
BRDA:169,48,0,2
BRDA:169,49,0,1
BRDA:169,50,0,1
BRDA:182,51,0,7
BRDA:191,52,0,4
BRDA:195,53,0,2
BRDA:195,54,0,1
BRDA:202,55,0,3
BRDA:206,56,0,2
BRDA:213,57,0,1
BRDA:228,58,0,0
BRDA:237,59,0,4
BRDA:240,60,0,1
BRDA:243,61,0,3
BRDA:247,62,0,2
BRF:63
BRH:59
end_of_record
